<?xml version="1.0" encoding="UTF-8"?>
<testsuite xmlns:xsi="http://www.w3.org/2001/XMLSchema-instance" xsi:noNamespaceSchemaLocation="https://maven.apache.org/surefire/maven-surefire-plugin/xsd/surefire-test-report-3.0.xsd" version="3.0" name="org.OpenSourceDev.test.L2022211969_12_Test" time="0.082" tests="3" errors="1" skipped="0" failures="2">
  <properties>
    <property name="java.specification.version" value="17"/>
    <property name="sun.cpu.isalist" value="amd64"/>
    <property name="sun.jnu.encoding" value="GBK"/>
    <property name="java.class.path" value="C:\Users\lenovo\Desktop\开源软件实践Lab\lab4\2022211969-lab4\target\test-classes;C:\Users\lenovo\Desktop\开源软件实践Lab\lab4\2022211969-lab4\target\classes;D:\程序\Java\Maven_pojo\junit\junit\4.13.1\junit-4.13.1.jar;D:\程序\Java\Maven_pojo\org\hamcrest\hamcrest-core\1.3\hamcrest-core-1.3.jar;D:\程序\Java\Maven_pojo\org\testng\testng\7.7.0\testng-7.7.0.jar;D:\程序\Java\Maven_pojo\org\slf4j\slf4j-api\1.7.36\slf4j-api-1.7.36.jar;D:\程序\Java\Maven_pojo\com\beust\jcommander\1.82\jcommander-1.82.jar;D:\程序\Java\Maven_pojo\org\webjars\jquery\3.6.1\jquery-3.6.1.jar;D:\程序\Java\Maven_pojo\org\junit\jupiter\junit-jupiter\5.11.3\junit-jupiter-5.11.3.jar;D:\程序\Java\Maven_pojo\org\junit\jupiter\junit-jupiter-api\5.11.3\junit-jupiter-api-5.11.3.jar;D:\程序\Java\Maven_pojo\org\opentest4j\opentest4j\1.3.0\opentest4j-1.3.0.jar;D:\程序\Java\Maven_pojo\org\junit\platform\junit-platform-commons\1.11.3\junit-platform-commons-1.11.3.jar;D:\程序\Java\Maven_pojo\org\apiguardian\apiguardian-api\1.1.2\apiguardian-api-1.1.2.jar;D:\程序\Java\Maven_pojo\org\junit\jupiter\junit-jupiter-params\5.11.3\junit-jupiter-params-5.11.3.jar;D:\程序\Java\Maven_pojo\org\junit\jupiter\junit-jupiter-engine\5.11.3\junit-jupiter-engine-5.11.3.jar;D:\程序\Java\Maven_pojo\org\junit\platform\junit-platform-engine\1.11.3\junit-platform-engine-1.11.3.jar;"/>
    <property name="java.vm.vendor" value="Oracle Corporation"/>
    <property name="sun.arch.data.model" value="64"/>
    <property name="user.variant" value=""/>
    <property name="java.vendor.url" value="https://java.oracle.com/"/>
    <property name="user.timezone" value="Asia/Shanghai"/>
    <property name="os.name" value="Windows 11"/>
    <property name="java.vm.specification.version" value="17"/>
    <property name="sun.java.launcher" value="SUN_STANDARD"/>
    <property name="user.country" value="CN"/>
    <property name="sun.boot.library.path" value="D:\Compiler_Interpreter\java\bin"/>
    <property name="sun.java.command" value="C:\Users\lenovo\AppData\Local\Temp\surefire11973223448224640888\surefirebooter-20241109160244355_3.jar C:\Users\lenovo\AppData\Local\Temp\surefire11973223448224640888 2024-11-09T16-02-44_144-jvmRun1 surefire-20241109160244355_1tmp surefire_0-20241109160244355_2tmp"/>
    <property name="jdk.debug" value="release"/>
    <property name="surefire.test.class.path" value="C:\Users\lenovo\Desktop\开源软件实践Lab\lab4\2022211969-lab4\target\test-classes;C:\Users\lenovo\Desktop\开源软件实践Lab\lab4\2022211969-lab4\target\classes;D:\程序\Java\Maven_pojo\junit\junit\4.13.1\junit-4.13.1.jar;D:\程序\Java\Maven_pojo\org\hamcrest\hamcrest-core\1.3\hamcrest-core-1.3.jar;D:\程序\Java\Maven_pojo\org\testng\testng\7.7.0\testng-7.7.0.jar;D:\程序\Java\Maven_pojo\org\slf4j\slf4j-api\1.7.36\slf4j-api-1.7.36.jar;D:\程序\Java\Maven_pojo\com\beust\jcommander\1.82\jcommander-1.82.jar;D:\程序\Java\Maven_pojo\org\webjars\jquery\3.6.1\jquery-3.6.1.jar;D:\程序\Java\Maven_pojo\org\junit\jupiter\junit-jupiter\5.11.3\junit-jupiter-5.11.3.jar;D:\程序\Java\Maven_pojo\org\junit\jupiter\junit-jupiter-api\5.11.3\junit-jupiter-api-5.11.3.jar;D:\程序\Java\Maven_pojo\org\opentest4j\opentest4j\1.3.0\opentest4j-1.3.0.jar;D:\程序\Java\Maven_pojo\org\junit\platform\junit-platform-commons\1.11.3\junit-platform-commons-1.11.3.jar;D:\程序\Java\Maven_pojo\org\apiguardian\apiguardian-api\1.1.2\apiguardian-api-1.1.2.jar;D:\程序\Java\Maven_pojo\org\junit\jupiter\junit-jupiter-params\5.11.3\junit-jupiter-params-5.11.3.jar;D:\程序\Java\Maven_pojo\org\junit\jupiter\junit-jupiter-engine\5.11.3\junit-jupiter-engine-5.11.3.jar;D:\程序\Java\Maven_pojo\org\junit\platform\junit-platform-engine\1.11.3\junit-platform-engine-1.11.3.jar;"/>
    <property name="sun.cpu.endian" value="little"/>
    <property name="user.home" value="C:\Users\lenovo"/>
    <property name="user.language" value="zh"/>
    <property name="java.specification.vendor" value="Oracle Corporation"/>
    <property name="java.version.date" value="2024-01-16"/>
    <property name="java.home" value="D:\Compiler_Interpreter\java"/>
    <property name="file.separator" value="\"/>
    <property name="basedir" value="C:\Users\lenovo\Desktop\开源软件实践Lab\lab4\2022211969-lab4"/>
    <property name="java.vm.compressedOopsMode" value="Zero based"/>
    <property name="line.separator" value="&#10;"/>
    <property name="java.vm.specification.vendor" value="Oracle Corporation"/>
    <property name="java.specification.name" value="Java Platform API Specification"/>
    <property name="surefire.real.class.path" value="C:\Users\lenovo\AppData\Local\Temp\surefire11973223448224640888\surefirebooter-20241109160244355_3.jar"/>
    <property name="user.script" value=""/>
    <property name="sun.management.compiler" value="HotSpot 64-Bit Tiered Compilers"/>
    <property name="java.runtime.version" value="17.0.10+11-LTS-240"/>
    <property name="user.name" value="lenovo"/>
    <property name="path.separator" value=";"/>
    <property name="os.version" value="10.0"/>
    <property name="java.runtime.name" value="Java(TM) SE Runtime Environment"/>
    <property name="file.encoding" value="GBK"/>
    <property name="java.vm.name" value="Java HotSpot(TM) 64-Bit Server VM"/>
    <property name="localRepository" value="D:\程序\Java\Maven_pojo"/>
    <property name="java.vendor.url.bug" value="https://bugreport.java.com/bugreport/"/>
    <property name="java.io.tmpdir" value="C:\Users\lenovo\AppData\Local\Temp\"/>
    <property name="java.version" value="17.0.10"/>
    <property name="user.dir" value="C:\Users\lenovo\Desktop\开源软件实践Lab\lab4\2022211969-lab4"/>
    <property name="os.arch" value="amd64"/>
    <property name="java.vm.specification.name" value="Java Virtual Machine Specification"/>
    <property name="sun.os.patch.level" value=""/>
    <property name="native.encoding" value="GBK"/>
    <property name="java.library.path" value="D:\Compiler_Interpreter\java\bin;C:\WINDOWS\Sun\Java\bin;C:\WINDOWS\system32;C:\WINDOWS;D:\Compiler_Interpreter\python\3.13.0;D:\Mytool\VMware\bin\;C:\Program Files\NVIDIA GPU Computing Toolkit\CUDA\v12.3\bin;C:\Program Files\NVIDIA GPU Computing Toolkit\CUDA\v12.3\libnvvp;D:\Mytool\ZenTao\ZenTao\bin\sliksvn;D:\Mytool\ZenTao\ZenTao\zbox\nssm\win64;C:\Windows\system32;C:\Windows;C:\Windows\System32\Wbem;C:\Windows\System32\WindowsPowerShell\v1.0\;C:\Windows\System32\OpenSSH\;C:\Program Files (x86)\NVIDIA Corporation\PhysX\Common;C:\Program Files\NVIDIA Corporation\NVIDIA NvDLISR;D:\Compiler_Interpreter\Go;C:\WINDOWS\system32;C:\WINDOWS;C:\WINDOWS\System32\Wbem;C:\WINDOWS\System32\WindowsPowerShell\v1.0\;C:\WINDOWS\System32\OpenSSH\;D:\Compiler_Interpreter\node.js\;D:\Git\cmd;D:\Mytool\Maven\apache-maven-3.9.6\bin;D:\Compiler_Interpreter\java\bin;D:\Mytool\tomcat\apache-tomcat-10.1.23\bin;C:\Users\lenovo\AppData\Local\Microsoft\WindowsApps;D:\VScode\bin;C:\Users\lenovo\go\bin;C:\Users\lenovo\AppData\Local\GitHubDesktop\bin;C:\Users\lenovo\AppData\Roaming\npm;D:\Git\bin;D:\IDE\IDEA\bin;C:\Program Files (x86)\Windows Kits\10\Windows Performance Toolkit\;C:\Program Files\NVIDIA Corporation\Nsight Compute 2023.3.1\;D:\Mytool\MySQL\mysql 8.0\bin;C:\Program Files\Docker\Docker\resources\bin;C:\WINDOWS\system32;C:\WINDOWS;C:\WINDOWS\System32\Wbem;C:\WINDOWS\System32\WindowsPowerShell\v1.0\;C:\WINDOWS\System32\OpenSSH\;C:\Users\lenovo\AppData\Local\Programs\Python\Launcher\;D:\Mytool\MySQL_Shell\bin\;D:\Compiler&amp;Interpreter\python\3.12.5\Scripts\;D:\Compiler&amp;Interpreter\3.12.5\;C:\Users\lenovo\AppData\Local\Microsoft\WindowsApps;D:\VScode\bin;D:\Compiler_Interpreter\Go\bin;C:\Users\lenovo\go\bin;C:\Users\lenovo\AppData\Local\GitHubDesktop\bin;D:\IDE\GoLand\Goland 2023.3.4\bin;;C:\Users\lenovo\AppData\Roaming\npm;D:\Git\bin;D:\Mytool\Maven\apache-maven-3.9.6\bin;D:\IDE\IDEA\bin;;D:\IDE\IDEA\bin;;D:\Myenv\MSYS2\ucrt64\bin;C:\Users\lenovo\AppData\Local\Programs\Ollama;D:\IDE\Pycharm\bin;;C:\Program Files\JetBrains\PyCharm 2024.2.1\bin;;;C:\Users\lenovo\.bun\bin;."/>
    <property name="java.vm.info" value="mixed mode, sharing"/>
    <property name="java.vendor" value="Oracle Corporation"/>
    <property name="java.vm.version" value="17.0.10+11-LTS-240"/>
    <property name="sun.io.unicode.encoding" value="UnicodeLittle"/>
    <property name="java.class.version" value="61.0"/>
  </properties>
  <testcase name="Big_input" classname="org.OpenSourceDev.test.L2022211969_12_Test" time="0.047">
    <failure type="java.lang.AssertionError"><![CDATA[java.lang.AssertionError
	at org.OpenSourceDev.test.L2022211969_12_Test.Big_input(L2022211969_12_Test.java:43)
	at java.base/java.lang.reflect.Method.invoke(Method.java:568)
	at java.base/java.util.ArrayList.forEach(ArrayList.java:1511)
	at java.base/java.util.ArrayList.forEach(ArrayList.java:1511)
]]></failure>
  </testcase>
  <testcase name="Input_zero" classname="org.OpenSourceDev.test.L2022211969_12_Test" time="0.002">
    <failure type="java.lang.AssertionError"><![CDATA[java.lang.AssertionError
	at org.OpenSourceDev.test.L2022211969_12_Test.Input_zero(L2022211969_12_Test.java:24)
	at java.base/java.lang.reflect.Method.invoke(Method.java:568)
	at java.base/java.util.ArrayList.forEach(ArrayList.java:1511)
	at java.base/java.util.ArrayList.forEach(ArrayList.java:1511)
]]></failure>
  </testcase>
  <testcase name="Input_neg" classname="org.OpenSourceDev.test.L2022211969_12_Test" time="0.001">
    <error message="error handling invalid input" type="java.lang.Exception"><![CDATA[java.lang.Exception: error handling invalid input
	at org.OpenSourceDev.test.L2022211969_12_Test.Input_neg(L2022211969_12_Test.java:35)
	at java.base/java.lang.reflect.Method.invoke(Method.java:568)
	at java.base/java.util.ArrayList.forEach(ArrayList.java:1511)
	at java.base/java.util.ArrayList.forEach(ArrayList.java:1511)
]]></error>
  </testcase>
</testsuite>